[2022-03-21 13:02:38] local.INFO: $input[org_name]: newamits  
[2022-03-21 13:02:38] local.INFO: Calling OrganisationApiController::getOrganisationAccessToken()  
[2022-03-21 13:02:38] local.INFO: In OrganisationApiController-> getOrganisationAccessToken()  
[2022-03-21 13:02:38] local.INFO: SD_ORGANISATION_TYPE_MS_BASE_URL:http://wz-organisation-ms  
[2022-03-21 13:02:38] local.INFO: SD_ORGANISATION_TYPE_MS_OAUTH_TOKEN_URL: /oauth/token  
[2022-03-21 13:02:38] local.INFO: SD_ORGANISATION_TYPE_MS_GRAND_TYPE: client_credentials  
[2022-03-21 13:02:38] local.INFO: SD_ORGANISATION_TYPE_MS_CLIENT_ID: 5  
[2022-03-21 13:02:38] local.INFO: SD_ORGANISATION_TYPE_MS_SECRET: Dxtq4UQjyp0Yf6WIQFhaHJIU2nATgX7xgtcLPwpk  
[2022-03-21 13:02:38] local.INFO: Getting the token!  
[2022-03-21 13:02:39] local.INFO: response aa gya  
[2022-03-21 13:02:39] local.INFO: this api is Got the token!eyJ0eXAiOiJKV1QiLCJhbGciOiJSUzI1NiIsImp0aSI6ImM4NjlkOGEwNTE2MjdkODNiZjJiNzMxOWU2MmU1ZDIzMTkwYTEwNzAzMjE0YmNiMjVhMTAzMjAzNzFiZGI5MTcyYTJlN2ZiNGZjMmEwOGZkIn0.eyJhdWQiOiI1IiwianRpIjoiYzg2OWQ4YTA1MTYyN2Q4M2JmMmI3MzE5ZTYyZTVkMjMxOTBhMTA3MDMyMTRiY2IyNWExMDMyMDM3MWJkYjkxNzJhMmU3ZmI0ZmMyYTA4ZmQiLCJpYXQiOjE2NDc4Njc3NTksIm5iZiI6MTY0Nzg2Nzc1OSwiZXhwIjoxNjc5NDAzNzU5LCJzdWIiOiIiLCJzY29wZXMiOltdfQ.d4xzZFiZjgo8dPodlfxlLc2wa-0NC-6n1ZRoRQOvCenYPmsQn4pamtFGaE4h7al5wp_zzGR6BhxlI2qcI9F46o5N375mnS1scqg8wsKgpY2O6ApM61C0gwImvCT5dmFaCkTOWujN8sKprIfl6ALgpWRy9jOPK_rNlXxCiLEFKNyODcZUT8XloV485POI4C71X2-Gya-TEmABLTz0U2h0CPr504RkQGLeIsJnVzTud-cQjUQvKcURuy3zJQoZzBcK5-HkwrigbQinf6Yl3kyj5MxlWTqqYpczmCZQ84fUZmNfL3SGdTwehCNWWPS2GxFkr443jy0Idw32mVCG5Xq9LflONNiVNOI6cf5HGctKZVseg1mB83hgqPCxTH2evmuJ5kElh2USS2oqKDKS4MGp-Pclpyv2R6AQmPEgerDlFZ_rkMnYQJRXopHIZUDihEFKFHLLYhCECDi143LiYAwGyo5_yNyARGoEr2STJ0Iy71hNtLOdtpUePUpJIaSSnRo6cPjg2XiMxVCcmVig8UX7kaG-AUkZ7Snpg22c_Tx6DvykPoiKGL8GvToluS3KgZu02BFE-t3fXP2bnfsi025fAIxqbHgMBO81vpH7yJH-rr7AsgyJMPlVENUwBEQppl-y-HUVI-f-ab072SrnvYhO5z9S7ad8Xb9d2e4nqx7dREU  
[2022-03-21 13:02:39] local.INFO: Got the access token from OrganisationApiController::getOrganisationAccessToken(). Now creating task!  
[2022-03-21 13:02:39] local.INFO: SD_ORGANISATION_TYPE_MS_BASE_URL . SD_ORGANISATION_TYPE_MS_UPDATE: http://wz-organisation-ms/api/v1/j/organization_types/store  
[2022-03-21 13:02:39] local.INFO: There was some exception in OrganisationApiController->update()  
[2022-03-21 13:02:39] local.INFO: update nahi ho rha hai  
[2022-03-21 13:02:39] local.INFO: Server error: `POST http://wz-organisation-ms/api/v1/j/organization_types/update` resulted in a `500 Internal Server Error` response:
{
    "message": "Undefined index: id",
    "exception": "ErrorException",
    "file": "C:\\xampp\\htdocs\\wz-organisati (truncated...)
  
[2022-03-21 13:03:30] local.INFO: $input[org_name]: newamitssd  
[2022-03-21 13:03:30] local.INFO: Calling OrganisationApiController::getOrganisationAccessToken()  
[2022-03-21 13:03:30] local.INFO: In OrganisationApiController-> getOrganisationAccessToken()  
[2022-03-21 13:03:30] local.INFO: SD_ORGANISATION_TYPE_MS_BASE_URL:http://wz-organisation-ms  
[2022-03-21 13:03:30] local.INFO: SD_ORGANISATION_TYPE_MS_OAUTH_TOKEN_URL: /oauth/token  
[2022-03-21 13:03:30] local.INFO: SD_ORGANISATION_TYPE_MS_GRAND_TYPE: client_credentials  
[2022-03-21 13:03:30] local.INFO: SD_ORGANISATION_TYPE_MS_CLIENT_ID: 5  
[2022-03-21 13:03:30] local.INFO: SD_ORGANISATION_TYPE_MS_SECRET: Dxtq4UQjyp0Yf6WIQFhaHJIU2nATgX7xgtcLPwpk  
[2022-03-21 13:03:30] local.INFO: Getting the token!  
[2022-03-21 13:03:31] local.INFO: response aa gya  
[2022-03-21 13:03:31] local.INFO: this api is Got the token!eyJ0eXAiOiJKV1QiLCJhbGciOiJSUzI1NiIsImp0aSI6IjU4ZmI1NzJmNmI1YTM1YTVkNDIzYzg5OWJhYmRjNjgzOWQ4OWM4MDY1YzFkOTQzNWFkNjIxMzQ1M2I3ZDBjNWZjYTgwNmRiNDk5YzFlN2E4In0.eyJhdWQiOiI1IiwianRpIjoiNThmYjU3MmY2YjVhMzVhNWQ0MjNjODk5YmFiZGM2ODM5ZDg5YzgwNjVjMWQ5NDM1YWQ2MjEzNDUzYjdkMGM1ZmNhODA2ZGI0OTljMWU3YTgiLCJpYXQiOjE2NDc4Njc4MTEsIm5iZiI6MTY0Nzg2NzgxMSwiZXhwIjoxNjc5NDAzODExLCJzdWIiOiIiLCJzY29wZXMiOltdfQ.AvFBXyougL1JfJx-UTEKWQf-59B3m19wDnliIhojK9DUI4WiAm5urnmIKtjQoc4CGRfvpU-uVBkzTVK2iuAMhECIEteUwhbSjMHlM9EDitAmkwPsWhpHgU-E-UEMOplR3q4_2hyR23M8G2tOZ7_b6wIDBsZnOwEVaak97r_d3vmp8SIDoaP3AO53YU7H7s_JWBGx2lCy_p1wvyIKJdVB5L1bAj4vD8rKLl3C5vSyMhoH6suQeH2kPjcdgp6STsUI6zNe9KKOFTRPV7q_EtVj41_2sZ6Y1amPFyUYgDeZnW1DdlmDZ86-TielLs6FtvziIjOwceGtyIRZ18d2_Wd4faXVUFp8uPVjJOESNymLL-26I3D0p9Me_VYySP9eYbu2tEh26rMpOdD18IPrnEV-yPU1CgUG2Z2bC2CSgSnT_F5N-vfvtqZrzsc5crrXT87aG-KaU7VsVSrCjvhk9WGzHVVVNRwp_mcVaBcNLDbkpeELbbE30DcL5rSaeFARiv7UFjbgCGttLwKkW2H7UmvC3Cjf_yctg3Mz6KmYt-zddgSNVnV3HrK_We8bpfo3bH6lmJQMrC0aZA67NsOLzPpz-2X4an_tdQQLYRl4ZwaAEaxUrfNYTeKG6kntSWvMKFFYw-99osKWqxFQaMiRnMqIbxeChrwOut9YQep2UVhVkUk  
[2022-03-21 13:03:31] local.INFO: Got the access token from OrganisationApiController::getOrganisationAccessToken(). Now creating task!  
[2022-03-21 13:03:31] local.INFO: SD_ORGANISATION_TYPE_MS_BASE_URL . SD_ORGANISATION_TYPE_MS_UPDATE: http://wz-organisation-ms/api/v1/j/organization_types/store  
[2022-03-21 13:03:32] local.INFO: There was some exception in OrganisationApiController->update()  
[2022-03-21 13:03:32] local.INFO: update nahi ho rha hai  
[2022-03-21 13:03:32] local.INFO: Server error: `POST http://wz-organisation-ms/api/v1/j/organization_types/update` resulted in a `500 Internal Server Error` response:
{
    "message": "Undefined index: id",
    "exception": "ErrorException",
    "file": "C:\\xampp\\htdocs\\wz-organisati (truncated...)
  
[2022-03-21 13:03:34] local.INFO: $input[org_name]: newamitssd  
[2022-03-21 13:03:34] local.INFO: Calling OrganisationApiController::getOrganisationAccessToken()  
[2022-03-21 13:03:34] local.INFO: In OrganisationApiController-> getOrganisationAccessToken()  
[2022-03-21 13:03:34] local.INFO: SD_ORGANISATION_TYPE_MS_BASE_URL:http://wz-organisation-ms  
[2022-03-21 13:03:34] local.INFO: SD_ORGANISATION_TYPE_MS_OAUTH_TOKEN_URL: /oauth/token  
[2022-03-21 13:03:34] local.INFO: SD_ORGANISATION_TYPE_MS_GRAND_TYPE: client_credentials  
[2022-03-21 13:03:34] local.INFO: SD_ORGANISATION_TYPE_MS_CLIENT_ID: 5  
[2022-03-21 13:03:34] local.INFO: SD_ORGANISATION_TYPE_MS_SECRET: Dxtq4UQjyp0Yf6WIQFhaHJIU2nATgX7xgtcLPwpk  
[2022-03-21 13:03:34] local.INFO: Getting the token!  
[2022-03-21 13:03:34] local.INFO: response aa gya  
[2022-03-21 13:03:34] local.INFO: this api is Got the token!eyJ0eXAiOiJKV1QiLCJhbGciOiJSUzI1NiIsImp0aSI6IjliZDI4MjgxMjdmNjYwMGE4ZjlkYmUxYmEwNmU0ZDU5MGZjMmVlNjJiNzhlYzM5NTIwZGYwN2EzZjY1NDVmODIxNGM5NmNjYTUyZThhMWQxIn0.eyJhdWQiOiI1IiwianRpIjoiOWJkMjgyODEyN2Y2NjAwYThmOWRiZTFiYTA2ZTRkNTkwZmMyZWU2MmI3OGVjMzk1MjBkZjA3YTNmNjU0NWY4MjE0Yzk2Y2NhNTJlOGExZDEiLCJpYXQiOjE2NDc4Njc4MTQsIm5iZiI6MTY0Nzg2NzgxNCwiZXhwIjoxNjc5NDAzODE0LCJzdWIiOiIiLCJzY29wZXMiOltdfQ.SSbMau30gSE0MeQYQ2vKVnSuKPoqcNDQBV93f_6G7vQ8ylYIPq6YbolUwJ27IbagiqqOCpc1Fq6wu1DpCby64i_4s6XV6qj0MR8HnAczUif2THQ8EJN5Suhp5xagU6V_FNkWX5h2TZCLB4CYdKX-udZSZc_gUXkzfTLbwdqRKM7mt-LnIcX207yet-I337SkBqeN_r7alePpRZ8SSvVJH1gg3J2NlJCeIPLWQbfJgPukv_YjPwRwYwjxvzLs0e-CR1lCmkPHGIYz-Gb_vIrN41aH-Ug1HIRwbgvmIXfsMkCi2y92i7sSILdgJXzjD_20KvWNYdch3I1qBHaUOoyYE3mA63TBqyeKDO_ebuCs-HBPsHPjh6CaEJsXfqVxd8ilOmQ7gMSc9B5M2I69TjcRwiqmmUm5bpGD7LlPdsclMvkz3JqQUcH0Q4I6JjtJVpdFOheIsdJHDVvI4cget9pGYRSexZsv9YP9K1KsVx_WkKCTs_cbXEdMJwVa4R8Ow-AVFG9NPyGrnxHKSwY3ZL958N_d_EjtmbLxRnJcPxT6VKpix16QGX5WF5KkOP_RILIEbt4oAQBad9lEs6mvdV2p1SupfDiCzEmbR6hULKDlq1xhht0sR-YKNupSe7Jend9R5dUuhebT3E21_XTdx4nQVf1EbmUGcd-mCU_5Gk1_xk4  
[2022-03-21 13:03:34] local.INFO: Got the access token from OrganisationApiController::getOrganisationAccessToken(). Now creating task!  
[2022-03-21 13:03:34] local.INFO: SD_ORGANISATION_TYPE_MS_BASE_URL . SD_ORGANISATION_TYPE_MS_UPDATE: http://wz-organisation-ms/api/v1/j/organization_types/store  
[2022-03-21 13:03:35] local.INFO: There was some exception in OrganisationApiController->update()  
[2022-03-21 13:03:35] local.INFO: update nahi ho rha hai  
[2022-03-21 13:03:35] local.INFO: Server error: `POST http://wz-organisation-ms/api/v1/j/organization_types/update` resulted in a `500 Internal Server Error` response:
{
    "message": "Undefined index: id",
    "exception": "ErrorException",
    "file": "C:\\xampp\\htdocs\\wz-organisati (truncated...)
  
[2022-03-21 13:06:05] local.INFO: In OrganisationApiController function getOrganisation  
[2022-03-21 13:06:05] local.INFO: SD_ORGANISATION_TYPE_MS_ALL_URL: /api/v1/j/organization_types  
[2022-03-21 13:06:05] local.INFO: In OrganisationApiController-> getOrganisationAccessToken()  
[2022-03-21 13:06:05] local.INFO: SD_ORGANISATION_TYPE_MS_BASE_URL:http://wz-organisation-ms  
[2022-03-21 13:06:05] local.INFO: SD_ORGANISATION_TYPE_MS_OAUTH_TOKEN_URL: /oauth/token  
[2022-03-21 13:06:05] local.INFO: SD_ORGANISATION_TYPE_MS_GRAND_TYPE: client_credentials  
[2022-03-21 13:06:05] local.INFO: SD_ORGANISATION_TYPE_MS_CLIENT_ID: 5  
[2022-03-21 13:06:05] local.INFO: SD_ORGANISATION_TYPE_MS_SECRET: Dxtq4UQjyp0Yf6WIQFhaHJIU2nATgX7xgtcLPwpk  
[2022-03-21 13:06:05] local.INFO: Getting the token!  
[2022-03-21 13:06:06] local.INFO: response aa gya  
[2022-03-21 13:06:06] local.INFO: this api is Got the token!eyJ0eXAiOiJKV1QiLCJhbGciOiJSUzI1NiIsImp0aSI6IjI0NmE5MTQwNDkyZTQyMzIzOTUwMjk3NTBmOTM0MDMyOGI3YmFlMzEyNTg1MTljYzk1MGY0NGRkOGMyZmRhNWUwY2ZhOGQxOTVjZWQ5M2RhIn0.eyJhdWQiOiI1IiwianRpIjoiMjQ2YTkxNDA0OTJlNDIzMjM5NTAyOTc1MGY5MzQwMzI4YjdiYWUzMTI1ODUxOWNjOTUwZjQ0ZGQ4YzJmZGE1ZTBjZmE4ZDE5NWNlZDkzZGEiLCJpYXQiOjE2NDc4Njc5NjYsIm5iZiI6MTY0Nzg2Nzk2NiwiZXhwIjoxNjc5NDAzOTY2LCJzdWIiOiIiLCJzY29wZXMiOltdfQ.bBypRfCwuSyWaG1Ofk2I6MqcXnQzLm8GJRpdYSKrkYSuar9CgNeye9ZkVSH_eOZ41mPm7HgEJ1jJuKufcMzZkjm-Dd7uJOFaTL1qWqeQeXlVf9vzUx3Y0OQJeTzWBoMgeKg3rHR5_KB4DSIjr4qUTEK6hQDxo24tLeolzm4Fe934cqne1J1YFJpppRQvJnw4jfP80Mix-tYXqm7MSUeWOPTMue1lvKpm7zZrenEoTiH_yeKYnC2l5KXig9Ux006rcHshN4C5RXv4arxn6Gp6YLL1M4YKoktizfrMgdAGS_rRyT7xICu26ZzaAgmeNVcLxEJqimoAPkFf8j2WPGm0XsD1HTYAMJoTLc6o4Mgp5VHObec_GtpD_1AvJBoIuiO5ifooe5KWlGteIXMp9-l7Y_bKKP3RHgWc8KxGRRXT4eNoSDlUbOa0-aOAk8H_mHjVWoomDhN-eeOhGShubIM2KeS09z0pa5zjXjgdBs1VPA_1d2gFSy9VIh07RCIaBy5xsrAR-qyXxZV0KWBpeyS58J3INIIdVbb2Dj0zULIlLseNOivO_CQNoOLfDVupBev67HuhzgRWfUpjrBs3OT8CRrvov_du4YE6UJ4TGWy9zWUKsq4nAokeKvE1IaGpas6klxv_st7v6J5Fhn3mAcYi3aqT6iO9xcMEtqd4cFGJLDM  
[2022-03-21 13:06:06] local.INFO: Got the access token from OrganisationApiController::getOrganisationAccessToken(). Now fetching User!  
[2022-03-21 13:06:06] local.INFO: ALL URL: http://wz-organisation-ms/api/v1/j/organization_types/18  
[2022-03-21 13:06:07] local.INFO: Got the Response from SD Tasktype MS  
[2022-03-21 13:06:07] local.INFO: Store hone ke baad index page par value aa raha hai !  
[2022-03-21 13:06:07] local.INFO: Number of objects in response: 5  
[2022-03-21 13:06:56] local.INFO: In OrganisationApiController function getOrganisation  
[2022-03-21 13:06:56] local.INFO: SD_ORGANISATION_TYPE_MS_ALL_URL: /api/v1/j/organization_types  
[2022-03-21 13:06:56] local.INFO: In OrganisationApiController-> getOrganisationAccessToken()  
[2022-03-21 13:06:56] local.INFO: SD_ORGANISATION_TYPE_MS_BASE_URL:http://wz-organisation-ms  
[2022-03-21 13:06:56] local.INFO: SD_ORGANISATION_TYPE_MS_OAUTH_TOKEN_URL: /oauth/token  
[2022-03-21 13:06:56] local.INFO: SD_ORGANISATION_TYPE_MS_GRAND_TYPE: client_credentials  
[2022-03-21 13:06:56] local.INFO: SD_ORGANISATION_TYPE_MS_CLIENT_ID: 5  
[2022-03-21 13:06:56] local.INFO: SD_ORGANISATION_TYPE_MS_SECRET: Dxtq4UQjyp0Yf6WIQFhaHJIU2nATgX7xgtcLPwpk  
[2022-03-21 13:06:56] local.INFO: Getting the token!  
[2022-03-21 13:06:57] local.INFO: response aa gya  
[2022-03-21 13:06:57] local.INFO: this api is Got the token!eyJ0eXAiOiJKV1QiLCJhbGciOiJSUzI1NiIsImp0aSI6ImI5NmVkMjRhYjIzODk0NjE3NWJiNTc5OTAzZTcxY2FkYzE0OTQ1NGE4NzVjM2ZiZDNiZDRmZDQ4N2Q3NjI4NjUxNDhjMzllOTEwYjU0NDE3In0.eyJhdWQiOiI1IiwianRpIjoiYjk2ZWQyNGFiMjM4OTQ2MTc1YmI1Nzk5MDNlNzFjYWRjMTQ5NDU0YTg3NWMzZmJkM2JkNGZkNDg3ZDc2Mjg2NTE0OGMzOWU5MTBiNTQ0MTciLCJpYXQiOjE2NDc4NjgwMTcsIm5iZiI6MTY0Nzg2ODAxNywiZXhwIjoxNjc5NDA0MDE2LCJzdWIiOiIiLCJzY29wZXMiOltdfQ.gjI0RLHikxBO_JPQQ3LcuGilzTFRCcSzhYqaFuO703mT7e5W1CtFZWHRRzvSWkidGLCurU1dolvLXxW4KXeooUc8gW9NE9gqimKTa1mExTX18gBTlIz35rIb-cnSCayo9Kr3UXpJuKoVWt3LeftxsYPprI_0AFHxcnuZfWG55Gw5i10NsGgqd1kaWDos80bkbF6oBcLkh5j2jMDlaoownk8Ity3tEuxu0sYN0c4YDQFuPT1LOXaR7BpuUD-M0aVrN82O69wOX0ib4OyiVtiCSnjcnp2n2Ogs-NfvFooS5_STOAZNqFh7qV4GFNxRSssI-wJl2f01KFuPxAuTmeWcEK3wQVl4EA-MKPt8L7i78RK2eooRHgaIVFyAGJXuJ_TcNgGsUVMqmt-6MrLW0TYoKTp5cCOP8GKlP1Y_ZHEoiT20r2JYd_VkxTXR9DE1VbCEQcLVZzIo91356M2AYYQYRqq_GXkMQRpKwmR59UCfmWXQIIgJ18oQf23R421DJWkpuVXK3prStUkM0Hy2mtTZVrC7bqP2styAkjS4sV5VDdG4XKi7XpO_YnxhpDZ5SpFeiESXVNGDiPiyBJR1LctgAJIMzMvyjlqfwZglSnYQN3G7CwMkKFQ-587KpFmcTp8X6e-9teaMP1padFUTMT1tbacFqm7z-MoW1NonQiw5Pfw  
[2022-03-21 13:06:57] local.INFO: Got the access token from OrganisationApiController::getOrganisationAccessToken(). Now fetching User!  
[2022-03-21 13:06:57] local.INFO: ALL URL: http://wz-organisation-ms/api/v1/j/organization_types/18  
[2022-03-21 13:06:57] local.INFO: Got the Response from SD Tasktype MS  
[2022-03-21 13:06:57] local.INFO: Store hone ke baad index page par value aa raha hai !  
[2022-03-21 13:06:57] local.INFO: Number of objects in response: 5  
[2022-03-21 13:06:59] local.INFO: samsag g aa gye hai48  
[2022-03-21 13:06:59] local.INFO: edit page ka value aa rha hai   
[2022-03-21 13:06:59] local.INFO: In OrganisationApiController-> getOrganisationAccessToken()  
[2022-03-21 13:06:59] local.INFO: SD_ORGANISATION_TYPE_MS_BASE_URL:http://wz-organisation-ms  
[2022-03-21 13:06:59] local.INFO: SD_ORGANISATION_TYPE_MS_OAUTH_TOKEN_URL: /oauth/token  
[2022-03-21 13:06:59] local.INFO: SD_ORGANISATION_TYPE_MS_GRAND_TYPE: client_credentials  
[2022-03-21 13:06:59] local.INFO: SD_ORGANISATION_TYPE_MS_CLIENT_ID: 5  
[2022-03-21 13:06:59] local.INFO: SD_ORGANISATION_TYPE_MS_SECRET: Dxtq4UQjyp0Yf6WIQFhaHJIU2nATgX7xgtcLPwpk  
[2022-03-21 13:06:59] local.INFO: Getting the token!  
[2022-03-21 13:06:59] local.INFO: response aa gya  
[2022-03-21 13:06:59] local.INFO: this api is Got the token!eyJ0eXAiOiJKV1QiLCJhbGciOiJSUzI1NiIsImp0aSI6ImNhOWYyOTVmMmRlMzExODhiZjFhM2U0YjQyYmNlODhlYzBlOGJlNDQ0ZTM3ZmQ3OGE2MDFjOGViMTIzOTI0YmI3MzdmZTBlOGMyY2IyNjdmIn0.eyJhdWQiOiI1IiwianRpIjoiY2E5ZjI5NWYyZGUzMTE4OGJmMWEzZTRiNDJiY2U4OGVjMGU4YmU0NDRlMzdmZDc4YTYwMWM4ZWIxMjM5MjRiYjczN2ZlMGU4YzJjYjI2N2YiLCJpYXQiOjE2NDc4NjgwMTksIm5iZiI6MTY0Nzg2ODAxOSwiZXhwIjoxNjc5NDA0MDE5LCJzdWIiOiIiLCJzY29wZXMiOltdfQ.G74M-mMNm-7Gk7fbVEL5UCIpuUVYXAgoyXKh_snZq-PQr80B7b8GVJx1kRfMeuqF8pxYoyT5jSmOFfj2cZC9LkLtJHmIkdfMwFot_-ac0-pKH9jl9cjQGDSMPKKVIASfJJKlQpJVWg1HGAB0iHjMKiSg6dKtB0XftwXHlMibLW8yN8V1CwlA5nySNb4DYGLGbqBlBzdlcz2Xz2tw_8Yx5FU3zLf9OntxVj86IBbcazuowWRLDENzKF1yWYDX_9VhLmqS1T4yl97vqT22aQyWtzpV5rcocQUJv0FiBV22MA0pW3d6OrK62pRaaxje-KAGSF40XCv0nDkpapVaR1GKxKggyK4nc2_tp3h28oh8JEImt5Ca1PnAb3Q8xIKQNyhtVdog9FlaH6kcSjnAq_Bo8VjVXVJDJlT57l4TSj6Pb32ydHAIuWfB0fwEViUS_iWupZ_x1nRnZ5e5CKVgqVZpBgtZtgOYp3nhl8IjUd6PXgTUrIc6EWhVWt7fN5_d-fYNFQW-9WOS2rwQdUHjzDkCH5fUqXbygGc2H4zaTP0wSgZP-t2yFkbb3rBfPiuqNpB7_jlT3M1lkq6PH72GPZZTYjWaD1yOKgaeygXA_mrgCYOM1RxaDqLIAkP_v_cuyxhkOYkqqAv8a5DN-8p4827brOzKgBUqAeAs24Z3wWbU3cg  
[2022-03-21 13:06:59] local.INFO: Got the access token from OrganisationApiController::getOrganisationAccessToken().
             Now fetching categories!  
[2022-03-21 13:06:59] local.INFO: Task Edit Url: http://wz-organisation-ms/api/v1/j/organization_types/edit/48  
[2022-03-21 13:07:00] local.INFO: Got the response from task!  
[2022-03-21 13:07:04] local.INFO: $input[org_name]: sadasdasd  
[2022-03-21 13:07:04] local.INFO: Calling OrganisationApiController::getOrganisationAccessToken()  
[2022-03-21 13:07:04] local.INFO: In OrganisationApiController-> getOrganisationAccessToken()  
[2022-03-21 13:07:04] local.INFO: SD_ORGANISATION_TYPE_MS_BASE_URL:http://wz-organisation-ms  
[2022-03-21 13:07:04] local.INFO: SD_ORGANISATION_TYPE_MS_OAUTH_TOKEN_URL: /oauth/token  
[2022-03-21 13:07:04] local.INFO: SD_ORGANISATION_TYPE_MS_GRAND_TYPE: client_credentials  
[2022-03-21 13:07:04] local.INFO: SD_ORGANISATION_TYPE_MS_CLIENT_ID: 5  
[2022-03-21 13:07:04] local.INFO: SD_ORGANISATION_TYPE_MS_SECRET: Dxtq4UQjyp0Yf6WIQFhaHJIU2nATgX7xgtcLPwpk  
[2022-03-21 13:07:04] local.INFO: Getting the token!  
[2022-03-21 13:07:05] local.INFO: response aa gya  
[2022-03-21 13:07:05] local.INFO: this api is Got the token!eyJ0eXAiOiJKV1QiLCJhbGciOiJSUzI1NiIsImp0aSI6ImM1ZDRlZDljMGJmYjcwOWQ5MGY3N2U4NGRjYjBiODBlMTY2YjYwNjY1NGZjODE2NWZlMWJjMjM1YzhjOGZiMmE4YzZlMDRhYzMyYmM5MGMwIn0.eyJhdWQiOiI1IiwianRpIjoiYzVkNGVkOWMwYmZiNzA5ZDkwZjc3ZTg0ZGNiMGI4MGUxNjZiNjA2NjU0ZmM4MTY1ZmUxYmMyMzVjOGM4ZmIyYThjNmUwNGFjMzJiYzkwYzAiLCJpYXQiOjE2NDc4NjgwMjUsIm5iZiI6MTY0Nzg2ODAyNSwiZXhwIjoxNjc5NDA0MDI1LCJzdWIiOiIiLCJzY29wZXMiOltdfQ.Hug6_PFllrZGISm5DkHBtJL5msc_o_tLzGCfkR3TsnAXqaAIBg7cQMy4-aPT5OqA8zfkSExImZ1qH_Wq2jm9m7g09ao01pUP0hhSJJgufFU81gdG7mTFFZOgidAf9e6vf-a45ajaYIsYamq8LR81Mz0Tzr_CbycZIwetqjL_oP84Dpl9S-TI9MFam8KfyK5Lmz0UPrJq99juz6yq5MAI1UPiXn2hROJYaeLewjUwVdPC0urOaKh8quZ1uJWUwsvP6mIrBYemVZBxWRMzXXfEO0PdNueEBLLuq49eWkinWIzzFxT1JkpVkwEvctkaOLzwE0ZNa14oXyDE-FndbCig5zYuzVNhraJtJnDgPsFHAcZ0-SxWbnEO2adOAz7Q4ulRtSTSEjI3ft30OuxTC3CgvL_VQoxwWfnUPJUyAPP4mjavY41IYIHnp2BocH5itJQuAOl_88QZpUWA6X1tuvKom5ybhDeyfzzNRNaUJh7aKH5AC0hcsM2Wr1m80YOa8cWFpwQMUhTjhRB6rUHPpSOM0oaV2oGrFIZ331Zjw4mwx82HEyAIAOZTjaYSYD5hlOqRbP_FPOKyPyG2tha5Xl0K81PikdI7-jv6Xfgmhc7oVoZ1mwmJOPx6J_0mMf2MWdb7DAoIMH95CW4GAbZiKcn07HgUkxL5bxRJVaoYhwPk53I  
[2022-03-21 13:07:05] local.INFO: Got the access token from OrganisationApiController::getOrganisationAccessToken(). Now creating task!  
[2022-03-21 13:07:05] local.INFO: SD_ORGANISATION_TYPE_MS_BASE_URL . SD_ORGANISATION_TYPE_MS_UPDATE: http://wz-organisation-ms/api/v1/j/organization_types/store  
[2022-03-21 13:07:05] local.INFO: There was some exception in OrganisationApiController->update()  
[2022-03-21 13:07:05] local.INFO: update nahi ho rha hai  
[2022-03-21 13:07:05] local.INFO: Server error: `POST http://wz-organisation-ms/api/v1/j/organization_types/update` resulted in a `500 Internal Server Error` response:
{
    "message": "Too few arguments to function App\\Http\\Controllers\\Api\\OrganisationController::update(), 1 passed  (truncated...)
  
[2022-03-21 13:09:18] local.INFO: In OrganisationApiController function getOrganisation  
[2022-03-21 13:09:18] local.INFO: SD_ORGANISATION_TYPE_MS_ALL_URL: /api/v1/j/organization_types  
[2022-03-21 13:09:18] local.INFO: In OrganisationApiController-> getOrganisationAccessToken()  
[2022-03-21 13:09:18] local.INFO: SD_ORGANISATION_TYPE_MS_BASE_URL:http://wz-organisation-ms  
[2022-03-21 13:09:18] local.INFO: SD_ORGANISATION_TYPE_MS_OAUTH_TOKEN_URL: /oauth/token  
[2022-03-21 13:09:18] local.INFO: SD_ORGANISATION_TYPE_MS_GRAND_TYPE: client_credentials  
[2022-03-21 13:09:18] local.INFO: SD_ORGANISATION_TYPE_MS_CLIENT_ID: 5  
[2022-03-21 13:09:18] local.INFO: SD_ORGANISATION_TYPE_MS_SECRET: Dxtq4UQjyp0Yf6WIQFhaHJIU2nATgX7xgtcLPwpk  
[2022-03-21 13:09:18] local.INFO: Getting the token!  
[2022-03-21 13:09:19] local.INFO: response aa gya  
[2022-03-21 13:09:19] local.INFO: this api is Got the token!eyJ0eXAiOiJKV1QiLCJhbGciOiJSUzI1NiIsImp0aSI6Ijg4MjEwNzlhODI1MTg5MDdlMGIxMGQ2MzY0NjY0ZjYwMmJlOTgwMjc0MzY4NWQyNTEwYzdmMWY3NzMwNTBhZTlhOWJhYjYyMTQ0N2I2ZGEzIn0.eyJhdWQiOiI1IiwianRpIjoiODgyMTA3OWE4MjUxODkwN2UwYjEwZDYzNjQ2NjRmNjAyYmU5ODAyNzQzNjg1ZDI1MTBjN2YxZjc3MzA1MGFlOWE5YmFiNjIxNDQ3YjZkYTMiLCJpYXQiOjE2NDc4NjgxNTksIm5iZiI6MTY0Nzg2ODE1OSwiZXhwIjoxNjc5NDA0MTU5LCJzdWIiOiIiLCJzY29wZXMiOltdfQ.KV-RMZCQiE-Wlp18z4EpoLLGanrCGryhA0kAUGtu6kPSJAu-C2wO140a-QdE2Fn8mOajz8PwYPWJlOuTuSwutoifLQ-J4vgt6F8aIJJH6R12c6vN8NGgBJDyo0St_lKaSX8FBOYY8zXflhz4bN6wlahQcPKyYO8mhJlmZ2X-vJZpnfdTIzEX99u7CbHWj6B9ogjXlMGsR6B_kuqNPsD2M77H4WCStth6rj_ECY8pC86WjY3brGRXnInBcx_n0PWEu_i9ygTff4UkzK6cZmQB4pd5h9C1doPdgfZuiuG1waIeXFZMVQxg6k7lWPQezqKfo8Cvfo9UyR2khwpMbGUjIlDlzG6zSeYcTIn6JLAm-8JrHN48hfrI3r_LiSMKzFpMwMIFxtyInocwVi2XFVY4RRmEMHBm5hdeCAVCbgvacVMATsg4LO2Zq5lmKFZX_x2jIS8p0lK6F6uEOjNdNDSQsjVnPwv2Hle3tCnnCYe7qb5t1Sd8aWsZcZ1aFXW60QOEB9ps0P8QYirn5VEfC8Tu8RiPsG2b7w0JhXF_XzJ_DUjMsg3xcUT81pG6qV40E0fYGF29EpPk4Kjd2wgU-OXTWY8eNyU_Zlmg3nzTLnpogXryz5ndRbRGaiRlsvwNRGDXpiDev1pYNKBqn7ZwZkTQnIwGA5uBLVA7P4pt3tuCObk  
[2022-03-21 13:09:19] local.INFO: Got the access token from OrganisationApiController::getOrganisationAccessToken(). Now fetching User!  
[2022-03-21 13:09:19] local.INFO: ALL URL: http://wz-organisation-ms/api/v1/j/organization_types/18  
[2022-03-21 13:09:20] local.INFO: Got the Response from SD Tasktype MS  
[2022-03-21 13:09:20] local.INFO: Store hone ke baad index page par value aa raha hai !  
[2022-03-21 13:09:20] local.INFO: Number of objects in response: 5  
[2022-03-21 13:09:22] local.INFO: samsag g aa gye hai48  
[2022-03-21 13:09:22] local.INFO: edit page ka value aa rha hai   
[2022-03-21 13:09:22] local.INFO: In OrganisationApiController-> getOrganisationAccessToken()  
[2022-03-21 13:09:22] local.INFO: SD_ORGANISATION_TYPE_MS_BASE_URL:http://wz-organisation-ms  
[2022-03-21 13:09:22] local.INFO: SD_ORGANISATION_TYPE_MS_OAUTH_TOKEN_URL: /oauth/token  
[2022-03-21 13:09:22] local.INFO: SD_ORGANISATION_TYPE_MS_GRAND_TYPE: client_credentials  
[2022-03-21 13:09:22] local.INFO: SD_ORGANISATION_TYPE_MS_CLIENT_ID: 5  
[2022-03-21 13:09:22] local.INFO: SD_ORGANISATION_TYPE_MS_SECRET: Dxtq4UQjyp0Yf6WIQFhaHJIU2nATgX7xgtcLPwpk  
[2022-03-21 13:09:23] local.INFO: Getting the token!  
[2022-03-21 13:09:23] local.INFO: response aa gya  
[2022-03-21 13:09:23] local.INFO: this api is Got the token!eyJ0eXAiOiJKV1QiLCJhbGciOiJSUzI1NiIsImp0aSI6IjVkYjc2ODM1ZmJiNmUxYjc0ZTdhNTM4MTI4MTJjZGFhYWZkNGVlNzNlZjM1ZDNlOGFlMmQwOTNhMjAzZGZkMTAxMGY5ZDYyYTNhNWRhNGZiIn0.eyJhdWQiOiI1IiwianRpIjoiNWRiNzY4MzVmYmI2ZTFiNzRlN2E1MzgxMjgxMmNkYWFhZmQ0ZWU3M2VmMzVkM2U4YWUyZDA5M2EyMDNkZmQxMDEwZjlkNjJhM2E1ZGE0ZmIiLCJpYXQiOjE2NDc4NjgxNjMsIm5iZiI6MTY0Nzg2ODE2MywiZXhwIjoxNjc5NDA0MTYzLCJzdWIiOiIiLCJzY29wZXMiOltdfQ.Z2wd6Wgz1hk6m9rDOCUbCFxbXTSqzg00ubDQbP1S5ZrLhQ1CNqDYsG740bHRx_Stz0y-yS13DhAV48rPMTwP_jVD0lr-Bfik7bIC8texzRqS9vYGHlKIgtoPVRB4oA5XF8jF4thgHTlE_fFNHdDe_LLShu7hyxP69jltlAnvhVBn3fqi_0tgkqrl8c16lAAo_C6A4YN-9zzX7DYTNKhNU7b4UsBZScxWAfIitU_fZTyi-zPuzNaQkki_CauD1rz5jT89V4JZkqNFgxt9VN9fDLN2I1c50NwFL6JBu23P4CKnQsma4nckltjgZNz7_uaHlYCnBeud0L1Xct1qth9VS4LQPWMk76rjHDS-AX1VEQmw7K-jl2WKleWBw8wm25jDn7hBPGldxiqG0gOl2f80jfuuVI5C8-78p4lzlzcFVFriLI8RjEukHpqAlVSazxzRZDAN1qSNRJMfnVxZDimB991V7Nei-p_uJMHN0pQlMZgu1vLUa6O2cUT0nJHO-Af20jXe5vkbl-T2w81DswwwSZp0-10tgNyCfPjadByv0PyW1rMcxCVgIIYbvzxnG04tplVdDdwND0c89X-lAjb6otL96fryuW4PjqBpPHppPbRlr4_P6uEhjrpoLz9UaH4hDXmaqPUZuoaDjAbF3gu8M1KV_cG3hFQ_Xko2q9WgaA4  
[2022-03-21 13:09:23] local.INFO: Got the access token from OrganisationApiController::getOrganisationAccessToken().
             Now fetching categories!  
[2022-03-21 13:09:23] local.INFO: Task Edit Url: http://wz-organisation-ms/api/v1/j/organization_types/edit/48  
[2022-03-21 13:09:24] local.INFO: Got the response from task!  
[2022-03-21 13:09:27] local.INFO: $input[org_name]: amitlss  
[2022-03-21 13:09:27] local.INFO: Calling OrganisationApiController::getOrganisationAccessToken()  
[2022-03-21 13:09:27] local.INFO: In OrganisationApiController-> getOrganisationAccessToken()  
[2022-03-21 13:09:27] local.INFO: SD_ORGANISATION_TYPE_MS_BASE_URL:http://wz-organisation-ms  
[2022-03-21 13:09:27] local.INFO: SD_ORGANISATION_TYPE_MS_OAUTH_TOKEN_URL: /oauth/token  
[2022-03-21 13:09:27] local.INFO: SD_ORGANISATION_TYPE_MS_GRAND_TYPE: client_credentials  
[2022-03-21 13:09:27] local.INFO: SD_ORGANISATION_TYPE_MS_CLIENT_ID: 5  
[2022-03-21 13:09:27] local.INFO: SD_ORGANISATION_TYPE_MS_SECRET: Dxtq4UQjyp0Yf6WIQFhaHJIU2nATgX7xgtcLPwpk  
[2022-03-21 13:09:27] local.INFO: Getting the token!  
[2022-03-21 13:09:27] local.INFO: response aa gya  
[2022-03-21 13:09:27] local.INFO: this api is Got the token!eyJ0eXAiOiJKV1QiLCJhbGciOiJSUzI1NiIsImp0aSI6ImJjYTEyZmJhMjJmZWJmYWMyNTkxMGU0MGU1YzU4YjYzMzU3NDZmMjc2ZjYwYWViYjA1NzMzY2NhY2VkZWQyOThmZWY3M2NkNTMxMWYwYzA3In0.eyJhdWQiOiI1IiwianRpIjoiYmNhMTJmYmEyMmZlYmZhYzI1OTEwZTQwZTVjNThiNjMzNTc0NmYyNzZmNjBhZWJiMDU3MzNjY2FjZWRlZDI5OGZlZjczY2Q1MzExZjBjMDciLCJpYXQiOjE2NDc4NjgxNjcsIm5iZiI6MTY0Nzg2ODE2NywiZXhwIjoxNjc5NDA0MTY3LCJzdWIiOiIiLCJzY29wZXMiOltdfQ.TpshDzEG8pQTIsFE2PoVCcAeAKiL0y5b92jJnwx7hlNQ6zZcTD_A18DBB4uw-l4kUaVaykEqOdL-rc3Qp06HbGq24atDK743HVTCms8CSMm9qj0LgX8wplNAr-OUvSvbSifbtGJgRLYomsVArd_0eFU9-yDXsWf0gLEBb38WF4th0MC1ttj6lAdpDTv7gCQdvFSGk7e5mQBFFbODnrJR6RGq3v-6Q3E_DLz-0GDS5n33Oj541kZAMSVKfvgkW7adCTNLIdMw__1mKP6qrWjWyau1GlGXEOvxS37qIuEYvkM3X-EtoKN3mSRcPek82ojEgbbNQOiUjV-rlolrKcroYTk1afP-l-Od-NjUyBplbZliVXHV0X8PjrYiZQXoXY7iP_E8AzXByNrvuXsR_sA_hQu-76_hZ_noRBXkP7nImjh-cTsfSOQ2NGP1IiRQNIoUy3Fdtm1zHGlD6YfoNyIeFyO1hAuGwcVm8Nes1JeSt4uuUGbORFUQI-N35HFQNJSDVln0MFJ4FzM4rYQ7sLC58CDL93gBHz75zKCrpSsb7Nw1--bihDCC-1HJl2AZf_qMKNkoUpkpGEO8aheYiE3vJskADBdLcC_IiWb6MnSNJlAz63aa1gzOYLCDul9pTgPPDGp0MJMpiQPuBru4X4TM1qh2QtFFQ-8A5mABmq94FPU  
[2022-03-21 13:09:27] local.INFO: Got the access token from OrganisationApiController::getOrganisationAccessToken(). Now creating task!  
[2022-03-21 13:09:27] local.INFO: SD_ORGANISATION_TYPE_MS_BASE_URL . SD_ORGANISATION_TYPE_MS_UPDATE: http://wz-organisation-ms/api/v1/j/organization_types/store  
[2022-03-21 13:09:28] local.INFO: There was some exception in OrganisationApiController->update()  
[2022-03-21 13:09:28] local.INFO: update nahi ho rha hai  
[2022-03-21 13:09:28] local.INFO: Server error: `POST http://wz-organisation-ms/api/v1/j/organization_types/update` resulted in a `500 Internal Server Error` response:
{
    "message": "Too few arguments to function App\\Http\\Controllers\\Api\\OrganisationController::update(), 1 passed  (truncated...)
  
[2022-03-21 13:09:40] local.INFO: $input[org_name]: amitlss  
[2022-03-21 13:09:40] local.INFO: Calling OrganisationApiController::getOrganisationAccessToken()  
[2022-03-21 13:09:40] local.INFO: In OrganisationApiController-> getOrganisationAccessToken()  
[2022-03-21 13:09:40] local.INFO: SD_ORGANISATION_TYPE_MS_BASE_URL:http://wz-organisation-ms  
[2022-03-21 13:09:40] local.INFO: SD_ORGANISATION_TYPE_MS_OAUTH_TOKEN_URL: /oauth/token  
[2022-03-21 13:09:40] local.INFO: SD_ORGANISATION_TYPE_MS_GRAND_TYPE: client_credentials  
[2022-03-21 13:09:40] local.INFO: SD_ORGANISATION_TYPE_MS_CLIENT_ID: 5  
[2022-03-21 13:09:40] local.INFO: SD_ORGANISATION_TYPE_MS_SECRET: Dxtq4UQjyp0Yf6WIQFhaHJIU2nATgX7xgtcLPwpk  
[2022-03-21 13:09:40] local.INFO: Getting the token!  
[2022-03-21 13:09:40] local.INFO: response aa gya  
[2022-03-21 13:09:40] local.INFO: this api is Got the token!eyJ0eXAiOiJKV1QiLCJhbGciOiJSUzI1NiIsImp0aSI6IjhjY2NmMjdkNjc3OWUzMDgzNDg5Mzc0N2YxMjczMmYxNmY0NWU4ZjNhMjQxNDgxNGQzOWNkNzM0YWZiZDc4MWNhYjVlMTEyNTA1YWY2YjgyIn0.eyJhdWQiOiI1IiwianRpIjoiOGNjY2YyN2Q2Nzc5ZTMwODM0ODkzNzQ3ZjEyNzMyZjE2ZjQ1ZThmM2EyNDE0ODE0ZDM5Y2Q3MzRhZmJkNzgxY2FiNWUxMTI1MDVhZjZiODIiLCJpYXQiOjE2NDc4NjgxODAsIm5iZiI6MTY0Nzg2ODE4MCwiZXhwIjoxNjc5NDA0MTgwLCJzdWIiOiIiLCJzY29wZXMiOltdfQ.NEEJWGjT1uNhadHNHp4cnXs5ElmBHDiW6oIYrDpRuyjjlcstPR75bJsgZmUYt5_ka64Y7UYQIiL7bwkYxxKakBUzmSjtpY2Hv6cM6Uaabm0CUESjr4y7anm03W5czNXuQqWQaW2Cem4PBLR-qtcjv34es_pQmTsttx_X9LawMCKPPciRbCNPazRRUdtQVqnxahUxEWGf_IDk7OQLnnQE5JsU-7rzwD0-zSJxBo9rxyYAF7xe2FUEOyRsS5TR0W2AMTr0rJWfL40CHlHcT4Z4y5ugHIFvrqGDBO9wZzh3VFGBM62cNLJoSxVeSU-ka4tpSblVADDsInF1A6VIDAMZDJ194eJq6tzJJGnFNfF6HAKtghcTNHbKX3eip6p2bUB1VpGKBlJaq6oXJHZmn9f6DnQ4cmCB_7e9D4P-NerYgAmNmjMhQY1HJSNlfm4vE-mHJiFA1nt6pVnRAK9lFu9oyw3MEX58TZsKwcr5BW2nuxD5iYIhslvNpO6i9TNPvmiChkz5trkZ1uxy5cbeIDrsZ6-5VI3pCpoyezr3Py_H5lHrSN3xM98CtKM4BM5wGnx_fQ_Q2qVFg2gG1pvNdjuV4Xb3hqp4XsnBdwAJbkjijXFlddk-ZKNhV6TjZUyGLAYZBmTHcT71PvQl1eYP2d69AITyxNwxQoW_RcF2h9B9Oqc  
[2022-03-21 13:09:40] local.INFO: Got the access token from OrganisationApiController::getOrganisationAccessToken(). Now creating task!  
[2022-03-21 13:09:40] local.INFO: SD_ORGANISATION_TYPE_MS_BASE_URL . SD_ORGANISATION_TYPE_MS_UPDATE: http://wz-organisation-ms/api/v1/j/organization_types/store  
[2022-03-21 13:09:41] local.INFO: There was some exception in OrganisationApiController->update()  
[2022-03-21 13:09:41] local.INFO: update nahi ho rha hai  
[2022-03-21 13:09:41] local.INFO: Server error: `POST http://wz-organisation-ms/api/v1/j/organization_types/update` resulted in a `500 Internal Server Error` response:
{
    "message": "Too few arguments to function App\\Http\\Controllers\\Api\\OrganisationController::update(), 1 passed  (truncated...)
  
