[2022-03-14 23:29:00] local.INFO: slugwith dashboardtest-orgs  
[2022-03-14 23:29:00] local.INFO: continue to dashboard with slug based test-orgs  
[2022-03-14 23:29:00] local.INFO: SD_ORGANISATION_TYPE_MS_DASHBOARD_URL: /api/v1/j/organization_types/getSlugDashboard  
[2022-03-14 23:29:00] local.INFO: In OrganisationApiController-> getOrganisationAccessToken()  
[2022-03-14 23:29:00] local.INFO: SD_ORGANISATION_TYPE_MS_BASE_URL:http://wz-organisation-ms  
[2022-03-14 23:29:00] local.INFO: SD_ORGANISATION_TYPE_MS_OAUTH_TOKEN_URL: /oauth/token  
[2022-03-14 23:29:00] local.INFO: SD_ORGANISATION_TYPE_MS_GRAND_TYPE: client_credentials  
[2022-03-14 23:29:00] local.INFO: SD_ORGANISATION_TYPE_MS_CLIENT_ID: 3  
[2022-03-14 23:29:00] local.INFO: SD_ORGANISATION_TYPE_MS_SECRET: IDT59jUqBdohZkay4rQNPXwa39xPxHiHuhvZYoeY  
[2022-03-14 23:29:00] local.INFO: Getting the token!  
[2022-03-14 23:29:01] local.INFO: response aa gya  
[2022-03-14 23:29:01] local.INFO: this api is Got the token!eyJ0eXAiOiJKV1QiLCJhbGciOiJSUzI1NiIsImp0aSI6ImZjMjAxYzk3NzYxNTQ1NDFkMWFjZWFlM2Y5ZWEyZTQ5YzEzYjg2MzAzNzFhOTM2MDdmYzFjNjA2ODg3MGUzZDFiMGJiOTliY2JkMWFjMTFlIn0.eyJhdWQiOiIzIiwianRpIjoiZmMyMDFjOTc3NjE1NDU0MWQxYWNlYWUzZjllYTJlNDljMTNiODYzMDM3MWE5MzYwN2ZjMWM2MDY4ODcwZTNkMWIwYmI5OWJjYmQxYWMxMWUiLCJpYXQiOjE2NDczMDA1NDEsIm5iZiI6MTY0NzMwMDU0MSwiZXhwIjoxNjc4ODM2NTQxLCJzdWIiOiIiLCJzY29wZXMiOltdfQ.W_K3RfstAX7LjqF0cW3TmYny3iws4Guo5XIS2L6D7Nm3k_w_Tl4lYBYTOzgX2uzfRAgrypHugP5fBwSmiLsN3PPknn6dp9bwwDS-Zkmo9wiVyN3jSX0DwQIUo8SxKe7GhjyZrvhOkJzduP8hOp5r0Du_xKPNfo-2m7SW8V9mDwH48oCpqJ3joDvYkPMfm8SdsF-hCScnIKS6Ms9pdPL0OxDdJMg67sqLFV_-9fT22kpxpPHVh9tkOBxUHSQVKfChjnTqQ90BB0YV8fEWmCQaRHy-dRBvC3cWgSv9KO6lCWQdZmShBMBUZcPDslk8DHznPjVsy3NFEmyJI55eBaArfhQ142uufzKR1UQnwCXHR56fPQOgl4rtDHHbGG8VmafNPbUIA8gFpgwZJHJ45ciFJPrWWj5JkOvSnaqPHCiH6KCLRMfELtQWGy1Rwo2OO10Cjf14jQWJ_uTeE9xg5HiNXAT-FGGFZpakrA3JEZUGjw1jwi2462uoLqzLM21iEcc5llYuHBI3QcboGuJeR4biSHE6O0rYneIgRT2J6uOEPoinQlVZeFcLpDK01e-CYHEDRkU4wpjmuJTTOqbwd4DXg8Eiefdfe5CIanwxafZeaBzN59D5zp-im_q1jTdoL6axTPdWFch0sdV0cXA2hz0VSQQYvMiKmBK_s1o6Pg9d4aA  
[2022-03-14 23:29:01] local.INFO: Got the access token from OrganisationApiController::getOrganisationAccessToken(). Now fetching User!  
[2022-03-14 23:29:01] local.INFO: ALL URL: http://wz-organisation-ms/api/v1/j/organization_types/getSlugDashboard/test-orgs  
[2022-03-14 23:29:01] local.INFO: Got the Response from SD Tasktype MS  
[2022-03-14 23:29:01] local.INFO: Store hone ke baad index page par value aa raha hai !  
[2022-03-14 23:29:01] local.INFO: user roll id 1  
[2022-03-14 23:29:01] local.INFO: user status id0  
[2022-03-14 23:29:01] local.INFO: SD_ADD_URLS_MS_ALL_URL: /api/v1/j/addurl  
[2022-03-14 23:29:01] local.INFO: In LinkApiController->getAddUrlAccessToken()  
[2022-03-14 23:29:01] local.INFO: Got the token!  
[2022-03-14 23:29:01] local.INFO: Got the access token from LinkApiController::getAddUrlAccessToken(). Now fetching URLs!  
[2022-03-14 23:29:01] local.INFO: ALL Addurls URL: http://wz-add-urls-ms/api/v1/j/addurl/24  
[2022-03-14 23:29:02] local.INFO: Got the Response from SD ADDurls MS  
[2022-03-14 23:29:02] local.INFO: Store hone ke baad index page par value aa raha hai !  
[2022-03-14 23:29:02] local.INFO: Number of objects in response: 0  
[2022-03-14 23:29:02] local.INFO: SD_TEAM_RATING_MS_ALL_URL: /api/v1/j/rating  
[2022-03-14 23:29:02] local.INFO: In RatingApiController->getRatingAccessToken()  
[2022-03-14 23:29:02] local.INFO: Got the token!  
[2022-03-14 23:29:02] local.INFO: Got the access token from RatingApiController::getRatingAccessToken(). Now fetching User!  
[2022-03-14 23:29:02] local.INFO: Get Rating  URL: http://wz-team-rating-ms/api/v1/j/rating/24  
[2022-03-14 23:29:02] local.INFO: Got the Response from SD Project MS  
[2022-03-14 23:29:02] local.INFO: Store hone ke baad index page par value aa raha hai !  
[2022-03-14 23:29:02] local.INFO: Number of objects in response: 0  
[2022-03-14 23:29:02] local.INFO: SD_PROJECTS_MS_ALL_URL: /api/v1/j/project  
[2022-03-14 23:29:02] local.INFO: In ProjectApiController->getProjectAccessToken()  
[2022-03-14 23:29:03] local.INFO: Got the token!  
[2022-03-14 23:29:03] local.INFO: Got the access token from ProjectApiController::getProjectAccessToken(). Now fetching User!  
[2022-03-14 23:29:03] local.INFO: ALL Project URL: http://wz-projects-ms/api/v1/j/project/24  
[2022-03-14 23:29:03] local.INFO: Got the Response from SD Project MS  
[2022-03-14 23:29:03] local.INFO: Store hone ke baad index page par value aa raha hai !  
[2022-03-14 23:29:03] local.INFO: Number of objects in response: 0  
[2022-03-14 23:29:03] local.INFO: SD_WEBSITE_RANKING_MS_ALL_URL: /api/v1/j/webrank  
[2022-03-14 23:29:03] local.INFO: In WebrankApiController->WebrankAccessToken()  
[2022-03-14 23:29:03] local.INFO: Got the token!  
[2022-03-14 23:29:03] local.INFO: Got the access token from WebrankApiController::WebrankAccessToken().Fetching Webrank!  
[2022-03-14 23:29:03] local.INFO: ALL Webrank URL: http://wz-website-ranking-ms/api/v1/j/webrank/24  
[2022-03-14 23:29:04] local.INFO: Got the Response from WB Keyword MS  
[2022-03-14 23:29:04] local.INFO: Number of objects in response: 0  
[2022-03-14 23:29:04] local.INFO: SD_KEYWORDS_MS_ALL_URL: /api/v1/j/keyword  
[2022-03-14 23:29:04] local.INFO: In KeywordApiController->getKeywordAccessToken()  
[2022-03-14 23:29:04] local.INFO: Got the token!  
[2022-03-14 23:29:04] local.INFO: Got the access token from KeywordApiController::getKeywordAccessToken().Fetching Keyword!  
[2022-03-14 23:29:04] local.INFO: ALL Keyword URL: http://wz-keywords-ms/api/v1/j/keyword/24  
[2022-03-14 23:29:04] local.INFO: Got the Response from WB Keyword MS  
[2022-03-14 23:29:04] local.INFO: Store hone ke baad index page par value aa raha hai !  
[2022-03-14 23:29:04] local.INFO: Number of objects in response: 0  
[2022-03-14 23:29:04] local.INFO: we are in if condition of this function slugwithdashboard  
